2019-10-29 15:55:37,776 INFO  main                             com.alipay.sofa.rpc.registry.zk.ZookeeperRegistry - Init ZookeeperRegistry with address 127.0.0.1:2181, root path is /. preferLocalFile:true, ephemeralNode:true
2019-10-29 15:55:47,482 INFO  main                             com.alipay.sofa.rpc.registry.zk.ZookeeperRegistry - RPC-00205: RPC 服务[/sofa-rpc/com.xiaoma.sofa.boot.service.JedisService/providers]发布开始 
2019-10-29 15:55:48,007 INFO  Curator-ConnectionStateManager-0 com.alipay.sofa.rpc.registry.zk.ZookeeperRegistry - reconnect to zookeeper,recover provider and consumer data
2019-10-29 15:55:48,576 INFO  main                             com.alipay.sofa.rpc.registry.zk.ZookeeperRegistry - RPC-00201: 发布 RPC 服务：服务名[/sofa-rpc/com.xiaoma.sofa.boot.service.JedisService/providers/bolt%3A%2F%2F169.254.171.76%3A12200%3Fversion%3D1.0%26uniqueId%3D%26timeout%3D0%26delay%3D-1%26id%3DjedisServiceImpl%26dynamic%3Dtrue%26weight%3D100%26accepts%3D100000%26startTime%3D1572335747291%26appName%3Dsofa-server%26serialization%3Dhessian2%26pid%3D18236%26language%3Djava%26rpcVer%3D50407] 
2019-10-29 15:55:48,576 INFO  main                             com.alipay.sofa.rpc.registry.zk.ZookeeperRegistry - RPC-00206: RPC 服务[/sofa-rpc/com.xiaoma.sofa.boot.service.JedisService/providers]发布结束 
2019-10-29 15:55:48,868 INFO  main                             com.alipay.sofa.rpc.registry.zk.ZookeeperConfigObserver - Receive updateAll data is null
2019-10-29 15:55:48,868 INFO  main                             com.alipay.sofa.rpc.registry.zk.ZookeeperRegistry - RPC-00205: RPC 服务[/sofa-rpc/com.xiaoma.sofa.boot.service.UserService/providers]发布开始 
2019-10-29 15:55:49,235 INFO  main                             com.alipay.sofa.rpc.registry.zk.ZookeeperRegistry - RPC-00201: 发布 RPC 服务：服务名[/sofa-rpc/com.xiaoma.sofa.boot.service.UserService/providers/bolt%3A%2F%2F169.254.171.76%3A12200%3Fversion%3D1.0%26uniqueId%3D%26timeout%3D0%26delay%3D-1%26id%3DuserServiceImpl%26dynamic%3Dtrue%26weight%3D100%26accepts%3D100000%26startTime%3D1572335748868%26appName%3Dsofa-server%26serialization%3Dhessian2%26pid%3D18236%26language%3Djava%26rpcVer%3D50407] 
2019-10-29 15:55:49,235 INFO  main                             com.alipay.sofa.rpc.registry.zk.ZookeeperRegistry - RPC-00206: RPC 服务[/sofa-rpc/com.xiaoma.sofa.boot.service.UserService/providers]发布结束 
2019-10-29 15:55:49,303 INFO  main                             com.alipay.sofa.rpc.registry.zk.ZookeeperConfigObserver - Receive updateAll data is null
2019-10-29 15:55:49,304 INFO  main                             com.alipay.sofa.rpc.registry.zk.ZookeeperRegistry - RPC-00205: RPC 服务[/sofa-rpc/com.xiaoma.sofa.boot.service.PersonServiceZookeeper/providers]发布开始 
2019-10-29 15:55:49,608 INFO  main                             com.alipay.sofa.rpc.registry.zk.ZookeeperRegistry - RPC-00201: 发布 RPC 服务：服务名[/sofa-rpc/com.xiaoma.sofa.boot.service.PersonServiceZookeeper/providers/bolt%3A%2F%2F169.254.171.76%3A12200%3Fversion%3D1.0%26uniqueId%3D%26timeout%3D0%26delay%3D-1%26id%3DpersonServiceZookeeperImpl%26dynamic%3Dtrue%26weight%3D100%26accepts%3D100000%26startTime%3D1572335749304%26appName%3Dsofa-server%26serialization%3Dhessian2%26pid%3D18236%26language%3Djava%26rpcVer%3D50407] 
2019-10-29 15:55:49,609 INFO  main                             com.alipay.sofa.rpc.registry.zk.ZookeeperRegistry - RPC-00206: RPC 服务[/sofa-rpc/com.xiaoma.sofa.boot.service.PersonServiceZookeeper/providers]发布结束 
2019-10-29 15:55:49,702 INFO  main                             com.alipay.sofa.rpc.registry.zk.ZookeeperConfigObserver - Receive updateAll data is null
2019-10-29 15:55:49,703 INFO  main                             com.alipay.sofa.rpc.registry.zk.ZookeeperRegistry - RPC-00205: RPC 服务[/sofa-rpc/com.xiaoma.sofa.boot.service.TeacherService/providers]发布开始 
2019-10-29 15:55:50,279 INFO  main                             com.alipay.sofa.rpc.registry.zk.ZookeeperRegistry - RPC-00201: 发布 RPC 服务：服务名[/sofa-rpc/com.xiaoma.sofa.boot.service.TeacherService/providers/bolt%3A%2F%2F169.254.171.76%3A12200%3Fversion%3D1.0%26uniqueId%3D%26timeout%3D0%26delay%3D-1%26id%3DteacherServiceImpl%26dynamic%3Dtrue%26weight%3D100%26accepts%3D100000%26startTime%3D1572335749703%26appName%3Dsofa-server%26serialization%3Dhessian2%26pid%3D18236%26language%3Djava%26rpcVer%3D50407] 
2019-10-29 15:55:50,279 INFO  main                             com.alipay.sofa.rpc.registry.zk.ZookeeperRegistry - RPC-00206: RPC 服务[/sofa-rpc/com.xiaoma.sofa.boot.service.TeacherService/providers]发布结束 
2019-10-29 15:55:50,458 INFO  main                             com.alipay.sofa.rpc.registry.zk.ZookeeperConfigObserver - Receive updateAll data is null
2019-10-29 15:55:50,459 INFO  main                             com.alipay.sofa.rpc.registry.zk.ZookeeperRegistry - RPC-00205: RPC 服务[/sofa-rpc/com.xiaoma.sofa.boot.service.JdbcService/providers]发布开始 
2019-10-29 15:55:50,744 INFO  main                             com.alipay.sofa.rpc.registry.zk.ZookeeperRegistry - RPC-00201: 发布 RPC 服务：服务名[/sofa-rpc/com.xiaoma.sofa.boot.service.JdbcService/providers/bolt%3A%2F%2F169.254.171.76%3A12200%3Fversion%3D1.0%26uniqueId%3D%26timeout%3D0%26delay%3D-1%26id%3DjdbcServiceImpl%26dynamic%3Dtrue%26weight%3D100%26accepts%3D100000%26startTime%3D1572335750459%26appName%3Dsofa-server%26serialization%3Dhessian2%26pid%3D18236%26language%3Djava%26rpcVer%3D50407] 
2019-10-29 15:55:50,744 INFO  main                             com.alipay.sofa.rpc.registry.zk.ZookeeperRegistry - RPC-00206: RPC 服务[/sofa-rpc/com.xiaoma.sofa.boot.service.JdbcService/providers]发布结束 
2019-10-29 15:55:50,831 INFO  main                             com.alipay.sofa.rpc.registry.zk.ZookeeperConfigObserver - Receive updateAll data is null
2019-10-29 15:57:13,736 INFO  main                             com.alipay.sofa.rpc.registry.zk.ZookeeperRegistry - Init ZookeeperRegistry with address 127.0.0.1:2181, root path is /. preferLocalFile:true, ephemeralNode:true
2019-10-29 15:57:14,545 INFO  Curator-ConnectionStateManager-0 com.alipay.sofa.rpc.registry.zk.ZookeeperRegistry - reconnect to zookeeper,recover provider and consumer data
2019-10-29 15:57:14,869 INFO  main                             com.alipay.sofa.rpc.registry.zk.ZookeeperConfigObserver - Receive updateAll data is null
2019-10-29 15:57:14,908 INFO  main                             com.alipay.sofa.rpc.registry.zk.ZookeeperOverrideObserver - Receive updateAll data is null
2019-10-29 15:57:14,935 INFO  main                             com.alipay.sofa.rpc.registry.zk.ZookeeperRegistry - RPC-00202: 订阅 RPC 服务：服务名[/sofa-rpc/com.xiaoma.sofa.boot.service.JedisService/providers] 
2019-10-29 15:57:20,223 INFO  main                             com.alipay.sofa.rpc.registry.zk.ZookeeperConfigObserver - Receive updateAll data is null
2019-10-29 15:57:20,280 INFO  main                             com.alipay.sofa.rpc.registry.zk.ZookeeperOverrideObserver - Receive updateAll data is null
2019-10-29 15:57:20,281 INFO  main                             com.alipay.sofa.rpc.registry.zk.ZookeeperRegistry - RPC-00202: 订阅 RPC 服务：服务名[/sofa-rpc/com.xiaoma.sofa.boot.service.PersonServiceZookeeper/providers] 
2019-10-29 15:57:20,787 INFO  main                             com.alipay.sofa.rpc.registry.zk.ZookeeperConfigObserver - Receive updateAll data is null
2019-10-29 15:57:20,818 INFO  main                             com.alipay.sofa.rpc.registry.zk.ZookeeperOverrideObserver - Receive updateAll data is null
2019-10-29 15:57:20,818 INFO  main                             com.alipay.sofa.rpc.registry.zk.ZookeeperRegistry - RPC-00202: 订阅 RPC 服务：服务名[/sofa-rpc/com.xiaoma.sofa.boot.service.JdbcService/providers] 
2019-10-29 15:57:21,482 INFO  main                             com.alipay.sofa.rpc.registry.zk.ZookeeperConfigObserver - Receive updateAll data is null
2019-10-29 15:57:21,542 INFO  main                             com.alipay.sofa.rpc.registry.zk.ZookeeperOverrideObserver - Receive updateAll data is null
2019-10-29 15:57:21,543 INFO  main                             com.alipay.sofa.rpc.registry.zk.ZookeeperRegistry - RPC-00202: 订阅 RPC 服务：服务名[/sofa-rpc/com.xiaoma.sofa.boot.service.UserService/providers] 
2019-10-29 15:57:21,848 INFO  main                             com.alipay.sofa.rpc.registry.zk.ZookeeperConfigObserver - Receive updateAll data is null
2019-10-29 15:57:21,910 INFO  main                             com.alipay.sofa.rpc.registry.zk.ZookeeperOverrideObserver - Receive updateAll data is null
2019-10-29 15:57:21,910 INFO  main                             com.alipay.sofa.rpc.registry.zk.ZookeeperRegistry - RPC-00202: 订阅 RPC 服务：服务名[/sofa-rpc/com.xiaoma.sofa.boot.service.TeacherService/providers] 
2019-10-29 15:58:24,456 INFO  main                             com.alipay.sofa.rpc.registry.zk.ZookeeperRegistry - Init ZookeeperRegistry with address 127.0.0.1:2181, root path is /. preferLocalFile:true, ephemeralNode:true
2019-10-29 15:58:25,750 INFO  Curator-ConnectionStateManager-0 com.alipay.sofa.rpc.registry.zk.ZookeeperRegistry - reconnect to zookeeper,recover provider and consumer data
2019-10-29 15:58:26,210 INFO  main                             com.alipay.sofa.rpc.registry.zk.ZookeeperConfigObserver - Receive updateAll data is null
2019-10-29 15:58:26,227 INFO  main                             com.alipay.sofa.rpc.registry.zk.ZookeeperOverrideObserver - Receive updateAll data is null
2019-10-29 15:58:26,234 INFO  main                             com.alipay.sofa.rpc.registry.zk.ZookeeperRegistry - RPC-00202: 订阅 RPC 服务：服务名[/sofa-rpc/com.xiaoma.sofa.boot.service.JedisService/providers] 
2019-10-29 15:58:31,767 INFO  main                             com.alipay.sofa.rpc.registry.zk.ZookeeperConfigObserver - Receive updateAll data is null
2019-10-29 15:58:31,815 INFO  main                             com.alipay.sofa.rpc.registry.zk.ZookeeperOverrideObserver - Receive updateAll data is null
2019-10-29 15:58:31,815 INFO  main                             com.alipay.sofa.rpc.registry.zk.ZookeeperRegistry - RPC-00202: 订阅 RPC 服务：服务名[/sofa-rpc/com.xiaoma.sofa.boot.service.PersonServiceZookeeper/providers] 
2019-10-29 15:58:32,967 INFO  main                             com.alipay.sofa.rpc.registry.zk.ZookeeperConfigObserver - Receive updateAll data is null
2019-10-29 15:58:32,978 INFO  main                             com.alipay.sofa.rpc.registry.zk.ZookeeperOverrideObserver - Receive updateAll data is null
2019-10-29 15:58:32,978 INFO  main                             com.alipay.sofa.rpc.registry.zk.ZookeeperRegistry - RPC-00202: 订阅 RPC 服务：服务名[/sofa-rpc/com.xiaoma.sofa.boot.service.JdbcService/providers] 
2019-10-29 15:58:33,550 INFO  main                             com.alipay.sofa.rpc.registry.zk.ZookeeperConfigObserver - Receive updateAll data is null
2019-10-29 15:58:33,566 INFO  main                             com.alipay.sofa.rpc.registry.zk.ZookeeperOverrideObserver - Receive updateAll data is null
2019-10-29 15:58:33,566 INFO  main                             com.alipay.sofa.rpc.registry.zk.ZookeeperRegistry - RPC-00202: 订阅 RPC 服务：服务名[/sofa-rpc/com.xiaoma.sofa.boot.service.UserService/providers] 
2019-10-29 15:58:34,201 INFO  main                             com.alipay.sofa.rpc.registry.zk.ZookeeperConfigObserver - Receive updateAll data is null
2019-10-29 15:58:34,211 INFO  main                             com.alipay.sofa.rpc.registry.zk.ZookeeperOverrideObserver - Receive updateAll data is null
2019-10-29 15:58:34,212 INFO  main                             com.alipay.sofa.rpc.registry.zk.ZookeeperRegistry - RPC-00202: 订阅 RPC 服务：服务名[/sofa-rpc/com.xiaoma.sofa.boot.service.TeacherService/providers] 
