2019-10-29 15:57:31.496,sofa-client,a9feab4c1572335848304100118796,0,main,timeout_error,rpc,invokeType=sync&uid=&protocol=bolt&targetApp=sofa-server&targetIdc=&targetCity=&paramTypes=java.lang.String&methodName=sayName&serviceName=com.xiaoma.sofa.boot.service.PersonServiceZookeeper:1.0&targetUrl=169.254.171.76:12200&targetZone=&,,com.alipay.sofa.rpc.core.exception.SofaTimeOutException: com.alipay.remoting.rpc.exception.InvokeTimeoutException: Rpc invocation timeout[responseCommand TIMEOUT]! the address is 169.254.171.76:12200
	at com.alipay.sofa.rpc.transport.bolt.BoltClientTransport.convertToRpcException(BoltClientTransport.java:341)
	at com.alipay.sofa.rpc.transport.bolt.BoltClientTransport.syncSend(BoltClientTransport.java:265)
	at com.alipay.sofa.rpc.client.AbstractCluster.doSendMsg(AbstractCluster.java:509)
	at com.alipay.sofa.rpc.client.AbstractCluster.sendMsg(AbstractCluster.java:480)
	at com.alipay.sofa.rpc.filter.ConsumerInvoker.invoke(ConsumerInvoker.java:60)
	at com.alipay.sofa.rpc.filter.sofatracer.ConsumerTracerFilter.invoke(ConsumerTracerFilter.java:66)
	at com.alipay.sofa.rpc.filter.FilterInvoker.invoke(FilterInvoker.java:96)
	at com.alipay.sofa.rpc.filter.RpcReferenceContextFilter.invoke(RpcReferenceContextFilter.java:80)
	at com.alipay.sofa.rpc.filter.FilterInvoker.invoke(FilterInvoker.java:96)
	at com.alipay.sofa.rpc.filter.ConsumerExceptionFilter.invoke(ConsumerExceptionFilter.java:37)
	at com.alipay.sofa.rpc.filter.FilterInvoker.invoke(FilterInvoker.java:96)
	at com.alipay.sofa.rpc.filter.FilterChain.invoke(FilterChain.java:302)
	at com.alipay.sofa.rpc.client.AbstractCluster.filterChain(AbstractCluster.java:473)
	at com.alipay.sofa.rpc.client.FailoverCluster.doInvoke(FailoverCluster.java:66)
	at com.alipay.sofa.rpc.client.AbstractCluster.invoke(AbstractCluster.java:285)
	at com.alipay.sofa.rpc.client.ClientProxyInvoker.invoke(ClientProxyInvoker.java:83)
	at com.xiaoma.sofa.boot.service.PersonServiceZookeeper_proxy_1.sayName(PersonServiceZookeeper_proxy_1.java)
	at sun.reflect.NativeMethodAccessorImpl.invoke0(Native Method)
	at sun.reflect.NativeMethodAccessorImpl.invoke(NativeMethodAccessorImpl.java:62)
	at sun.reflect.DelegatingMethodAccessorImpl.invoke(DelegatingMethodAccessorImpl.java:43)
	at java.lang.reflect.Method.invoke(Method.java:498)
	at com.alipay.sofa.runtime.service.binding.JvmBindingAdapter$JvmServiceInvoker.doInvoke(JvmBindingAdapter.java:200)
	at com.alipay.sofa.runtime.spi.service.ServiceProxy.invoke(ServiceProxy.java:39)
	at org.springframework.aop.framework.ReflectiveMethodInvocation.proceed(ReflectiveMethodInvocation.java:186)
	at org.springframework.aop.framework.JdkDynamicAopProxy.invoke(JdkDynamicAopProxy.java:212)
	at com.sun.proxy.$Proxy85.sayName(Unknown Source)
	at com.xiaoma.sofa.boot.SofaBootRpcClientDemoApplication.main(SofaBootRpcClientDemoApplication.java:25)
Caused by: com.alipay.remoting.rpc.exception.InvokeTimeoutException: Rpc invocation timeout[responseCommand TIMEOUT]! the address is 169.254.171.76:12200
	at com.alipay.remoting.rpc.RpcResponseResolver.preProcess(RpcResponseResolver.java:91)
	at com.alipay.remoting.rpc.RpcResponseResolver.resolveResponseObject(RpcResponseResolver.java:56)
	at com.alipay.remoting.rpc.RpcRemoting.invokeSync(RpcRemoting.java:186)
	at com.alipay.remoting.rpc.RpcClientRemoting.invokeSync(RpcClientRemoting.java:67)
	at com.alipay.remoting.rpc.RpcClient.invokeSync(RpcClient.java:350)
	at com.alipay.sofa.rpc.transport.bolt.BoltClientTransport.doInvokeSync(BoltClientTransport.java:289)
	at com.alipay.sofa.rpc.transport.bolt.BoltClientTransport.syncSend(BoltClientTransport.java:262)
	... 25 more

