2019-10-29 15:55:16,749 ERROR main                             - Error occurred while doing HealthIndicator[class com.alipay.sofa.runtime.spring.health.MultiApplicationHealthIndicator] readiness check.
java.lang.NullPointerException: null
	at com.alipay.sofa.runtime.integration.invoke.DynamicJvmServiceProxyFinder.getBiz(DynamicJvmServiceProxyFinder.java:112)
	at com.alipay.sofa.runtime.spring.health.MultiApplicationHealthIndicator.health(MultiApplicationHealthIndicator.java:45)
	at com.alipay.sofa.healthcheck.core.HealthIndicatorProcessor.doHealthCheck(HealthIndicatorProcessor.java:105)
	at com.alipay.sofa.healthcheck.core.HealthIndicatorProcessor.lambda$readinessHealthCheck$5(HealthIndicatorProcessor.java:89)
	at java.util.stream.ReferencePipeline$3$1.accept(ReferencePipeline.java:193)
	at java.util.stream.ReferencePipeline$2$1.accept(ReferencePipeline.java:175)
	at java.util.Iterator.forEachRemaining(Iterator.java:116)
	at java.util.Spliterators$IteratorSpliterator.forEachRemaining(Spliterators.java:1801)
	at java.util.stream.AbstractPipeline.copyInto(AbstractPipeline.java:481)
	at java.util.stream.AbstractPipeline.wrapAndCopyInto(AbstractPipeline.java:471)
	at java.util.stream.ReduceOps$ReduceOp.evaluateSequential(ReduceOps.java:708)
	at java.util.stream.AbstractPipeline.evaluate(AbstractPipeline.java:234)
	at java.util.stream.ReferencePipeline.reduce(ReferencePipeline.java:474)
	at com.alipay.sofa.healthcheck.core.HealthIndicatorProcessor.readinessHealthCheck(HealthIndicatorProcessor.java:90)
	at com.alipay.sofa.healthcheck.startup.ReadinessCheckListener.readinessHealthCheck(ReadinessCheckListener.java:99)
	at com.alipay.sofa.healthcheck.startup.ReadinessCheckListener.onApplicationEvent(ReadinessCheckListener.java:79)
	at com.alipay.sofa.healthcheck.startup.ReadinessCheckListener.onApplicationEvent(ReadinessCheckListener.java:39)
	at org.springframework.context.event.SimpleApplicationEventMulticaster.doInvokeListener(SimpleApplicationEventMulticaster.java:172)
	at org.springframework.context.event.SimpleApplicationEventMulticaster.invokeListener(SimpleApplicationEventMulticaster.java:165)
	at org.springframework.context.event.SimpleApplicationEventMulticaster.multicastEvent(SimpleApplicationEventMulticaster.java:139)
	at org.springframework.context.support.AbstractApplicationContext.publishEvent(AbstractApplicationContext.java:398)
	at org.springframework.context.support.AbstractApplicationContext.publishEvent(AbstractApplicationContext.java:355)
	at org.springframework.context.support.AbstractApplicationContext.finishRefresh(AbstractApplicationContext.java:882)
	at org.springframework.boot.web.servlet.context.ServletWebServerApplicationContext.finishRefresh(ServletWebServerApplicationContext.java:161)
	at org.springframework.context.support.AbstractApplicationContext.refresh(AbstractApplicationContext.java:549)
	at org.springframework.boot.web.servlet.context.ServletWebServerApplicationContext.refresh(ServletWebServerApplicationContext.java:140)
	at org.springframework.boot.SpringApplication.refresh(SpringApplication.java:775)
	at org.springframework.boot.SpringApplication.refreshContext(SpringApplication.java:397)
	at org.springframework.boot.SpringApplication.run(SpringApplication.java:316)
	at org.springframework.boot.SpringApplication.run(SpringApplication.java:1260)
	at org.springframework.boot.SpringApplication.run(SpringApplication.java:1248)
	at com.xiaoma.sofa.boot.SofaBootRpcDemoApplication.main(SofaBootRpcDemoApplication.java:12)
	at sun.reflect.NativeMethodAccessorImpl.invoke0(Native Method)
	at sun.reflect.NativeMethodAccessorImpl.invoke(NativeMethodAccessorImpl.java:62)
	at sun.reflect.DelegatingMethodAccessorImpl.invoke(DelegatingMethodAccessorImpl.java:43)
	at java.lang.reflect.Method.invoke(Method.java:498)
	at com.alipay.sofa.ark.bootstrap.MainMethodRunner.run(MainMethodRunner.java:48)
	at com.alipay.sofa.ark.container.model.BizModel.start(BizModel.java:179)
	at com.alipay.sofa.ark.container.service.biz.DefaultBizDeployer.deploy(DefaultBizDeployer.java:52)
	at com.alipay.sofa.ark.container.service.biz.BizDeployServiceImpl.deploy(BizDeployServiceImpl.java:55)
	at com.alipay.sofa.ark.container.pipeline.DeployBizStage.process(DeployBizStage.java:44)
	at com.alipay.sofa.ark.container.pipeline.StandardPipeline.process(StandardPipeline.java:73)
	at com.alipay.sofa.ark.container.ArkContainer.start(ArkContainer.java:113)
	at com.alipay.sofa.ark.container.ArkContainer.main(ArkContainer.java:74)
	at sun.reflect.NativeMethodAccessorImpl.invoke0(Native Method)
	at sun.reflect.NativeMethodAccessorImpl.invoke(NativeMethodAccessorImpl.java:62)
	at sun.reflect.DelegatingMethodAccessorImpl.invoke(DelegatingMethodAccessorImpl.java:43)
	at java.lang.reflect.Method.invoke(Method.java:498)
	at com.alipay.sofa.ark.bootstrap.MainMethodRunner.run(MainMethodRunner.java:48)
	at com.alipay.sofa.ark.bootstrap.AbstractLauncher.launch(AbstractLauncher.java:108)
	at com.alipay.sofa.ark.bootstrap.AbstractLauncher.launch(AbstractLauncher.java:76)
	at com.alipay.sofa.ark.support.startup.SofaArkBootstrap.remain(SofaArkBootstrap.java:81)
	at sun.reflect.NativeMethodAccessorImpl.invoke0(Native Method)
	at sun.reflect.NativeMethodAccessorImpl.invoke(NativeMethodAccessorImpl.java:62)
	at sun.reflect.DelegatingMethodAccessorImpl.invoke(DelegatingMethodAccessorImpl.java:43)
	at java.lang.reflect.Method.invoke(Method.java:498)
	at com.alipay.sofa.ark.support.thread.LaunchRunner.run(LaunchRunner.java:61)
	at java.lang.Thread.run(Thread.java:748)
2019-10-29 15:55:16,767 ERROR main                             - SOFABoot HealthIndicator readiness check result: failed.
2019-10-29 15:55:50,834 ERROR main                             - Readiness check result: fail
