2019-10-29 15:54:48,586 INFO  main                             - SOFABoot HealthCheck Starting!
2019-10-29 15:55:16,609 INFO  main                             - Found 1 HealthChecker implementation:sofaComponentHealthChecker
2019-10-29 15:55:16,613 INFO  main                             - Found 4 HealthIndicator implementation:sofaBootHealthIndicator,multiApplicationHealthIndicator,dbHealthIndicator,diskSpaceHealthIndicator
2019-10-29 15:55:16,614 INFO  main                             - Found 1 ReadinessCheckCallback implementation: rpcAfterHealthCheckCallback
2019-10-29 15:55:16,615 INFO  main                             - Begin SOFABoot HealthChecker readiness check.
2019-10-29 15:55:16,618 INFO  main                             - HealthChecker[sofaComponentHealthChecker] readiness check success with 0 retry.
2019-10-29 15:55:16,619 INFO  main                             - SOFABoot HealthChecker readiness check result: success.
2019-10-29 15:55:16,619 INFO  main                             - Begin SOFABoot HealthIndicator readiness check.
2019-10-29 15:55:16,620 INFO  main                             - Begin SOFABoot HealthChecker liveness check.
2019-10-29 15:55:16,621 INFO  main                             - HealthChecker[sofaComponentHealthChecker] liveness check success with 0 retry.
2019-10-29 15:55:16,621 INFO  main                             - SOFABoot HealthChecker liveness check result: success.
2019-10-29 15:55:16,749 ERROR main                             - Error occurred while doing HealthIndicator[class com.alipay.sofa.runtime.spring.health.MultiApplicationHealthIndicator] readiness check.
java.lang.NullPointerException: null
	at com.alipay.sofa.runtime.integration.invoke.DynamicJvmServiceProxyFinder.getBiz(DynamicJvmServiceProxyFinder.java:112)
	at com.alipay.sofa.runtime.spring.health.MultiApplicationHealthIndicator.health(MultiApplicationHealthIndicator.java:45)
	at com.alipay.sofa.healthcheck.core.HealthIndicatorProcessor.doHealthCheck(HealthIndicatorProcessor.java:105)
	at com.alipay.sofa.healthcheck.core.HealthIndicatorProcessor.lambda$readinessHealthCheck$5(HealthIndicatorProcessor.java:89)
	at java.util.stream.ReferencePipeline$3$1.accept(ReferencePipeline.java:193)
	at java.util.stream.ReferencePipeline$2$1.accept(ReferencePipeline.java:175)
	at java.util.Iterator.forEachRemaining(Iterator.java:116)
	at java.util.Spliterators$IteratorSpliterator.forEachRemaining(Spliterators.java:1801)
	at java.util.stream.AbstractPipeline.copyInto(AbstractPipeline.java:481)
	at java.util.stream.AbstractPipeline.wrapAndCopyInto(AbstractPipeline.java:471)
	at java.util.stream.ReduceOps$ReduceOp.evaluateSequential(ReduceOps.java:708)
	at java.util.stream.AbstractPipeline.evaluate(AbstractPipeline.java:234)
	at java.util.stream.ReferencePipeline.reduce(ReferencePipeline.java:474)
	at com.alipay.sofa.healthcheck.core.HealthIndicatorProcessor.readinessHealthCheck(HealthIndicatorProcessor.java:90)
	at com.alipay.sofa.healthcheck.startup.ReadinessCheckListener.readinessHealthCheck(ReadinessCheckListener.java:99)
	at com.alipay.sofa.healthcheck.startup.ReadinessCheckListener.onApplicationEvent(ReadinessCheckListener.java:79)
	at com.alipay.sofa.healthcheck.startup.ReadinessCheckListener.onApplicationEvent(ReadinessCheckListener.java:39)
	at org.springframework.context.event.SimpleApplicationEventMulticaster.doInvokeListener(SimpleApplicationEventMulticaster.java:172)
	at org.springframework.context.event.SimpleApplicationEventMulticaster.invokeListener(SimpleApplicationEventMulticaster.java:165)
	at org.springframework.context.event.SimpleApplicationEventMulticaster.multicastEvent(SimpleApplicationEventMulticaster.java:139)
	at org.springframework.context.support.AbstractApplicationContext.publishEvent(AbstractApplicationContext.java:398)
	at org.springframework.context.support.AbstractApplicationContext.publishEvent(AbstractApplicationContext.java:355)
	at org.springframework.context.support.AbstractApplicationContext.finishRefresh(AbstractApplicationContext.java:882)
	at org.springframework.boot.web.servlet.context.ServletWebServerApplicationContext.finishRefresh(ServletWebServerApplicationContext.java:161)
	at org.springframework.context.support.AbstractApplicationContext.refresh(AbstractApplicationContext.java:549)
	at org.springframework.boot.web.servlet.context.ServletWebServerApplicationContext.refresh(ServletWebServerApplicationContext.java:140)
	at org.springframework.boot.SpringApplication.refresh(SpringApplication.java:775)
	at org.springframework.boot.SpringApplication.refreshContext(SpringApplication.java:397)
	at org.springframework.boot.SpringApplication.run(SpringApplication.java:316)
	at org.springframework.boot.SpringApplication.run(SpringApplication.java:1260)
	at org.springframework.boot.SpringApplication.run(SpringApplication.java:1248)
	at com.xiaoma.sofa.boot.SofaBootRpcDemoApplication.main(SofaBootRpcDemoApplication.java:12)
	at sun.reflect.NativeMethodAccessorImpl.invoke0(Native Method)
	at sun.reflect.NativeMethodAccessorImpl.invoke(NativeMethodAccessorImpl.java:62)
	at sun.reflect.DelegatingMethodAccessorImpl.invoke(DelegatingMethodAccessorImpl.java:43)
	at java.lang.reflect.Method.invoke(Method.java:498)
	at com.alipay.sofa.ark.bootstrap.MainMethodRunner.run(MainMethodRunner.java:48)
	at com.alipay.sofa.ark.container.model.BizModel.start(BizModel.java:179)
	at com.alipay.sofa.ark.container.service.biz.DefaultBizDeployer.deploy(DefaultBizDeployer.java:52)
	at com.alipay.sofa.ark.container.service.biz.BizDeployServiceImpl.deploy(BizDeployServiceImpl.java:55)
	at com.alipay.sofa.ark.container.pipeline.DeployBizStage.process(DeployBizStage.java:44)
	at com.alipay.sofa.ark.container.pipeline.StandardPipeline.process(StandardPipeline.java:73)
	at com.alipay.sofa.ark.container.ArkContainer.start(ArkContainer.java:113)
	at com.alipay.sofa.ark.container.ArkContainer.main(ArkContainer.java:74)
	at sun.reflect.NativeMethodAccessorImpl.invoke0(Native Method)
	at sun.reflect.NativeMethodAccessorImpl.invoke(NativeMethodAccessorImpl.java:62)
	at sun.reflect.DelegatingMethodAccessorImpl.invoke(DelegatingMethodAccessorImpl.java:43)
	at java.lang.reflect.Method.invoke(Method.java:498)
	at com.alipay.sofa.ark.bootstrap.MainMethodRunner.run(MainMethodRunner.java:48)
	at com.alipay.sofa.ark.bootstrap.AbstractLauncher.launch(AbstractLauncher.java:108)
	at com.alipay.sofa.ark.bootstrap.AbstractLauncher.launch(AbstractLauncher.java:76)
	at com.alipay.sofa.ark.support.startup.SofaArkBootstrap.remain(SofaArkBootstrap.java:81)
	at sun.reflect.NativeMethodAccessorImpl.invoke0(Native Method)
	at sun.reflect.NativeMethodAccessorImpl.invoke(NativeMethodAccessorImpl.java:62)
	at sun.reflect.DelegatingMethodAccessorImpl.invoke(DelegatingMethodAccessorImpl.java:43)
	at java.lang.reflect.Method.invoke(Method.java:498)
	at com.alipay.sofa.ark.support.thread.LaunchRunner.run(LaunchRunner.java:61)
	at java.lang.Thread.run(Thread.java:748)
2019-10-29 15:55:16,758 INFO  main                             - HealthIndicator[dbHealthIndicator] readiness check success.
2019-10-29 15:55:16,767 INFO  main                             - HealthIndicator[diskSpaceHealthIndicator] readiness check success.
2019-10-29 15:55:16,767 ERROR main                             - SOFABoot HealthIndicator readiness check result: failed.
2019-10-29 15:55:16,767 INFO  main                             - Begin ReadinessCheckCallback readiness check
2019-10-29 15:55:50,834 INFO  main                             - SOFABoot ReadinessCheckCallback[rpcAfterHealthCheckCallback] check success.
2019-10-29 15:55:50,834 INFO  main                             - ReadinessCheckCallback readiness check result: success.
2019-10-29 15:55:50,834 ERROR main                             - Readiness check result: fail
2019-10-29 15:55:51,819 INFO  RMI TCP Connection(28)-127.0.0.1 - Begin SOFABoot HealthChecker liveness check.
2019-10-29 15:55:51,825 INFO  RMI TCP Connection(28)-127.0.0.1 - HealthChecker[sofaComponentHealthChecker] liveness check success with 0 retry.
2019-10-29 15:55:51,826 INFO  RMI TCP Connection(28)-127.0.0.1 - SOFABoot HealthChecker liveness check result: success.
2019-10-29 15:55:51,826 INFO  RMI TCP Connection(28)-127.0.0.1 - Begin SOFABoot HealthChecker liveness check.
2019-10-29 15:55:51,826 INFO  RMI TCP Connection(28)-127.0.0.1 - HealthChecker[sofaComponentHealthChecker] liveness check success with 0 retry.
2019-10-29 15:55:51,826 INFO  RMI TCP Connection(28)-127.0.0.1 - SOFABoot HealthChecker liveness check result: success.
2019-10-29 15:57:01,536 INFO  main                             - SOFABoot HealthCheck Starting!
2019-10-29 15:57:25,233 INFO  main                             - Found 1 HealthChecker implementation:sofaComponentHealthChecker
2019-10-29 15:57:25,236 INFO  main                             - Found 2 HealthIndicator implementation:sofaBootHealthIndicator,diskSpaceHealthIndicator
2019-10-29 15:57:25,237 INFO  main                             - Found 1 ReadinessCheckCallback implementation: rpcAfterHealthCheckCallback
2019-10-29 15:57:25,238 INFO  main                             - Begin SOFABoot HealthChecker readiness check.
2019-10-29 15:57:25,242 INFO  main                             - HealthChecker[sofaComponentHealthChecker] readiness check success with 0 retry.
2019-10-29 15:57:25,243 INFO  main                             - SOFABoot HealthChecker readiness check result: success.
2019-10-29 15:57:25,243 INFO  main                             - Begin SOFABoot HealthIndicator readiness check.
2019-10-29 15:57:25,254 INFO  main                             - HealthIndicator[diskSpaceHealthIndicator] readiness check success.
2019-10-29 15:57:25,254 INFO  main                             - SOFABoot HealthIndicator readiness check result: success.
2019-10-29 15:57:25,254 INFO  main                             - Begin ReadinessCheckCallback readiness check
2019-10-29 15:57:25,273 INFO  main                             - SOFABoot ReadinessCheckCallback[rpcAfterHealthCheckCallback] check success.
2019-10-29 15:57:25,273 INFO  main                             - ReadinessCheckCallback readiness check result: success.
2019-10-29 15:57:25,273 INFO  main                             - Readiness check result: success
2019-10-29 15:57:26,197 INFO  RMI TCP Connection(16)-127.0.0.1 - Begin SOFABoot HealthChecker liveness check.
2019-10-29 15:57:26,198 INFO  RMI TCP Connection(16)-127.0.0.1 - HealthChecker[sofaComponentHealthChecker] liveness check success with 0 retry.
2019-10-29 15:57:26,199 INFO  RMI TCP Connection(16)-127.0.0.1 - SOFABoot HealthChecker liveness check result: success.
2019-10-29 15:58:20,028 INFO  main                             - SOFABoot HealthCheck Starting!
2019-10-29 15:58:37,223 INFO  main                             - Found 1 HealthChecker implementation:sofaComponentHealthChecker
2019-10-29 15:58:37,225 INFO  main                             - Found 2 HealthIndicator implementation:sofaBootHealthIndicator,diskSpaceHealthIndicator
2019-10-29 15:58:37,227 INFO  main                             - Found 1 ReadinessCheckCallback implementation: rpcAfterHealthCheckCallback
2019-10-29 15:58:37,227 INFO  main                             - Begin SOFABoot HealthChecker readiness check.
2019-10-29 15:58:37,230 INFO  main                             - HealthChecker[sofaComponentHealthChecker] readiness check success with 0 retry.
2019-10-29 15:58:37,230 INFO  main                             - SOFABoot HealthChecker readiness check result: success.
2019-10-29 15:58:37,231 INFO  main                             - Begin SOFABoot HealthIndicator readiness check.
2019-10-29 15:58:37,240 INFO  main                             - HealthIndicator[diskSpaceHealthIndicator] readiness check success.
2019-10-29 15:58:37,240 INFO  main                             - SOFABoot HealthIndicator readiness check result: success.
2019-10-29 15:58:37,240 INFO  main                             - Begin ReadinessCheckCallback readiness check
2019-10-29 15:58:37,250 INFO  main                             - SOFABoot ReadinessCheckCallback[rpcAfterHealthCheckCallback] check success.
2019-10-29 15:58:37,250 INFO  main                             - ReadinessCheckCallback readiness check result: success.
2019-10-29 15:58:37,250 INFO  main                             - Readiness check result: success
2019-10-29 15:58:37,957 INFO  RMI TCP Connection(17)-127.0.0.1 - Begin SOFABoot HealthChecker liveness check.
2019-10-29 15:58:37,957 INFO  RMI TCP Connection(17)-127.0.0.1 - HealthChecker[sofaComponentHealthChecker] liveness check success with 0 retry.
2019-10-29 15:58:37,957 INFO  RMI TCP Connection(17)-127.0.0.1 - SOFABoot HealthChecker liveness check result: success.
2019-10-29 18:31:33,752 INFO  main                             - SOFABoot HealthCheck Starting!
